[2021-07-20T12:03:24.658] [DEBUG] cheese - login => username:admin,password:123456
[2021-07-20T12:03:24.659] [DEBUG] cheese - admin
[2021-07-20T12:03:24.668] [DEBUG] cheese - null
[2021-07-20T12:03:24.668] [DEBUG] cheese - null
[2021-07-20T12:05:15.798] [DEBUG] cheese - login => username:admin,password:123456
[2021-07-20T12:05:15.799] [DEBUG] cheese - admin
[2021-07-20T12:05:15.807] [DEBUG] cheese - null
[2021-07-20T12:05:15.807] [DEBUG] cheese - null
[2021-07-20T12:12:11.872] [DEBUG] cheese - login => username:zs,password:123456
[2021-07-20T12:12:11.887] [DEBUG] cheese - zs
[2021-07-20T12:12:11.889] [DEBUG] cheese - null
[2021-07-20T12:12:11.890] [DEBUG] cheese - null
[2021-07-20T12:13:08.825] [DEBUG] cheese - login => username:admin,password:123456
[2021-07-20T12:13:08.825] [DEBUG] cheese - admin
[2021-07-20T12:13:08.827] [DEBUG] cheese - null
[2021-07-20T12:13:08.827] [DEBUG] cheese - null
[2021-07-20T13:25:16.348] [DEBUG] cheese - login => username:admin,password:123456
[2021-07-20T13:25:16.349] [DEBUG] cheese - admin
[2021-07-20T13:25:16.393] [DEBUG] cheese - null
[2021-07-20T13:25:16.393] [DEBUG] cheese - null
[2021-07-20T13:38:16.317] [DEBUG] cheese - login => username:admin,password:123456
[2021-07-20T13:38:16.318] [DEBUG] cheese - admin
[2021-07-20T13:38:16.321] [DEBUG] cheese - null
[2021-07-20T13:38:16.322] [DEBUG] cheese - null
